\BOOKMARK [0][-]{chapter.1}{Introduction}{}% 1
\BOOKMARK [1][-]{section.1.1}{Background}{chapter.1}% 2
\BOOKMARK [1][-]{section.1.2}{Objectives}{chapter.1}% 3
\BOOKMARK [1][-]{section.1.3}{Limitations}{chapter.1}% 4
\BOOKMARK [1][-]{section.1.4}{Existing work}{chapter.1}% 5
\BOOKMARK [0][-]{chapter.2}{Preparation}{}% 6
\BOOKMARK [1][-]{section.2.1}{Design principles}{chapter.2}% 7
\BOOKMARK [2][-]{subsection.2.1.1}{Encryption of shared content}{section.2.1}% 8
\BOOKMARK [2][-]{subsection.2.1.2}{Independence from third-party servers}{section.2.1}% 9
\BOOKMARK [2][-]{subsection.2.1.3}{Secret key security}{section.2.1}% 10
\BOOKMARK [2][-]{subsection.2.1.4}{Minimal use of OOB channels}{section.2.1}% 11
\BOOKMARK [1][-]{section.2.2}{Broadcast encryption}{chapter.2}% 12
\BOOKMARK [2][-]{subsection.2.2.1}{Existing solutions}{section.2.2}% 13
\BOOKMARK [2][-]{subsection.2.2.2}{Proposed scheme}{section.2.2}% 14
\BOOKMARK [1][-]{section.2.3}{Intercepting Facebook interactions}{chapter.2}% 15
\BOOKMARK [2][-]{subsection.2.3.1}{Possible deployment strategies}{section.2.3}% 16
\BOOKMARK [1][-]{section.2.4}{Mozilla Firefox extension development}{chapter.2}% 17
\BOOKMARK [1][-]{section.2.5}{The Facebook platform}{chapter.2}% 18
\BOOKMARK [2][-]{subsection.2.5.1}{Content types}{section.2.5}% 19
\BOOKMARK [2][-]{subsection.2.5.2}{Connectedness}{section.2.5}% 20
\BOOKMARK [2][-]{subsection.2.5.3}{Signal-to-noise ratio}{section.2.5}% 21
\BOOKMARK [2][-]{subsection.2.5.4}{Graph API}{section.2.5}% 22
\BOOKMARK [1][-]{section.2.6}{Encrypting images}{chapter.2}% 23
\BOOKMARK [2][-]{subsection.2.6.1}{Naive data insertion}{section.2.6}% 24
\BOOKMARK [2][-]{subsection.2.6.2}{Advanced data insertion}{section.2.6}% 25
\BOOKMARK [1][-]{section.2.7}{Further security considerations}{chapter.2}% 26
\BOOKMARK [2][-]{subsection.2.7.1}{Threat analysis}{section.2.7}% 27
\BOOKMARK [2][-]{subsection.2.7.2}{Underlying encryption schemes}{section.2.7}% 28
\BOOKMARK [1][-]{section.2.8}{Requirements specification}{chapter.2}% 29
\BOOKMARK [1][-]{section.2.9}{Development}{chapter.2}% 30
\BOOKMARK [2][-]{subsection.2.9.1}{Development environment}{section.2.9}% 31
\BOOKMARK [1][-]{section.2.10}{Testing plan}{chapter.2}% 32
\BOOKMARK [2][-]{subsection.2.10.1}{Security testing}{section.2.10}% 33
\BOOKMARK [2][-]{subsection.2.10.2}{Usability testing}{section.2.10}% 34
\BOOKMARK [2][-]{subsection.2.10.3}{Testing framework}{section.2.10}% 35
\BOOKMARK [0][-]{subsection.2.10.3}{Bibliography}{}% 36
